2016-10-12 10:38:39 6920 [Note] Plugin 'FEDERATED' is disabled.
2016-10-12 10:38:39 6920 [Note] InnoDB: The InnoDB memory heap is disabled
2016-10-12 10:38:39 6920 [Note] InnoDB: Mutexes and rw_locks use Windows interlocked functions
2016-10-12 10:38:39 6920 [Note] InnoDB: Compressed tables use zlib 1.2.3
2016-10-12 10:38:39 6920 [Note] InnoDB: Not using CPU crc32 instructions
2016-10-12 10:38:39 6920 [Note] InnoDB: Initializing buffer pool, size = 128.0M
2016-10-12 10:38:39 6920 [Note] InnoDB: Completed initialization of buffer pool
2016-10-12 10:38:39 6920 [Note] InnoDB: Highest supported file format is Barracuda.
2016-10-12 10:38:39 6920 [Note] InnoDB: The log sequence numbers 1626134 and 1626134 in ibdata files do not match the log sequence number 15288409 in the ib_logfiles!
2016-10-12 10:38:39 6920 [Note] InnoDB: Database was not shutdown normally!
2016-10-12 10:38:39 6920 [Note] InnoDB: Starting crash recovery.
2016-10-12 10:38:39 6920 [Note] InnoDB: Reading tablespace information from the .ibd files...
2016-10-12 10:38:39 6920 [Note] InnoDB: Restoring possible half-written data pages 
2016-10-12 10:38:39 6920 [Note] InnoDB: from the doublewrite buffer...
2016-10-12 10:38:39 6920 [Note] InnoDB: 128 rollback segment(s) are active.
2016-10-12 10:38:39 6920 [Note] InnoDB: Waiting for purge to start
2016-10-12 10:38:40 6920 [Note] InnoDB: 5.6.13 started; log sequence number 15288409
2016-10-12 10:38:40 6920 [Note] Server hostname (bind-address): '*'; port: 3307
2016-10-12 10:38:40 6920 [Note] IPv6 is available.
2016-10-12 10:38:40 6920 [Note]   - '::' resolves to '::';
2016-10-12 10:38:40 6920 [Note] Server socket created on IP: '::'.
2016-10-12 13:45:46 3832 [Note] Plugin 'FEDERATED' is disabled.
2016-10-12 13:45:46 3832 [Note] InnoDB: The InnoDB memory heap is disabled
2016-10-12 13:45:46 3832 [Note] InnoDB: Mutexes and rw_locks use Windows interlocked functions
2016-10-12 13:45:46 3832 [Note] InnoDB: Compressed tables use zlib 1.2.3
2016-10-12 13:45:46 3832 [Note] InnoDB: Not using CPU crc32 instructions
2016-10-12 13:45:46 3832 [Note] InnoDB: Initializing buffer pool, size = 128.0M
2016-10-12 13:45:46 3832 [Note] InnoDB: Completed initialization of buffer pool
2016-10-12 13:45:46 3832 [Note] InnoDB: Highest supported file format is Barracuda.
2016-10-12 13:45:46 3832 [Note] InnoDB: The log sequence numbers 1626134 and 1626134 in ibdata files do not match the log sequence number 15990070 in the ib_logfiles!
2016-10-12 13:45:46 3832 [Note] InnoDB: Database was not shutdown normally!
2016-10-12 13:45:46 3832 [Note] InnoDB: Starting crash recovery.
2016-10-12 13:45:46 3832 [Note] InnoDB: Reading tablespace information from the .ibd files...
2016-10-12 13:45:46 3832 [Note] InnoDB: Restoring possible half-written data pages 
2016-10-12 13:45:46 3832 [Note] InnoDB: from the doublewrite buffer...
2016-10-12 13:45:46 3832 [Note] InnoDB: 128 rollback segment(s) are active.
2016-10-12 13:45:46 3832 [Note] InnoDB: Waiting for purge to start
2016-10-12 13:45:46 3832 [Note] InnoDB: 5.6.13 started; log sequence number 15990070
2016-10-12 13:45:46 3832 [Note] Server hostname (bind-address): '*'; port: 3307
2016-10-12 13:45:46 3832 [Note] IPv6 is available.
2016-10-12 13:45:46 3832 [Note]   - '::' resolves to '::';
2016-10-12 13:45:46 3832 [Note] Server socket created on IP: '::'.
2016-10-13 09:14:19 2912 [Note] Plugin 'FEDERATED' is disabled.
2016-10-13 09:14:19 2912 [Note] InnoDB: The InnoDB memory heap is disabled
2016-10-13 09:14:19 2912 [Note] InnoDB: Mutexes and rw_locks use Windows interlocked functions
2016-10-13 09:14:19 2912 [Note] InnoDB: Compressed tables use zlib 1.2.3
2016-10-13 09:14:19 2912 [Note] InnoDB: Not using CPU crc32 instructions
2016-10-13 09:14:19 2912 [Note] InnoDB: Initializing buffer pool, size = 128.0M
2016-10-13 09:14:19 2912 [Note] InnoDB: Completed initialization of buffer pool
2016-10-13 09:14:19 2912 [Note] InnoDB: Highest supported file format is Barracuda.
2016-10-13 09:14:19 2912 [Note] InnoDB: The log sequence numbers 1626134 and 1626134 in ibdata files do not match the log sequence number 17265136 in the ib_logfiles!
2016-10-13 09:14:19 2912 [Note] InnoDB: Database was not shutdown normally!
2016-10-13 09:14:19 2912 [Note] InnoDB: Starting crash recovery.
2016-10-13 09:14:19 2912 [Note] InnoDB: Reading tablespace information from the .ibd files...
2016-10-13 09:14:19 2912 [Note] InnoDB: Restoring possible half-written data pages 
2016-10-13 09:14:19 2912 [Note] InnoDB: from the doublewrite buffer...
2016-10-13 09:14:19 2912 [Note] InnoDB: 128 rollback segment(s) are active.
2016-10-13 09:14:19 2912 [Note] InnoDB: Waiting for purge to start
2016-10-13 09:14:19 2912 [Note] InnoDB: 5.6.13 started; log sequence number 17265136
2016-10-13 09:14:19 2912 [Note] Server hostname (bind-address): '*'; port: 3307
2016-10-13 09:14:19 2912 [Note] IPv6 is available.
2016-10-13 09:14:19 2912 [Note]   - '::' resolves to '::';
2016-10-13 09:14:19 2912 [Note] Server socket created on IP: '::'.
2016-10-13 13:46:53 848 [Note] Plugin 'FEDERATED' is disabled.
2016-10-13 13:46:53 848 [Note] InnoDB: The InnoDB memory heap is disabled
2016-10-13 13:46:53 848 [Note] InnoDB: Mutexes and rw_locks use Windows interlocked functions
2016-10-13 13:46:53 848 [Note] InnoDB: Compressed tables use zlib 1.2.3
2016-10-13 13:46:53 848 [Note] InnoDB: Not using CPU crc32 instructions
2016-10-13 13:46:53 848 [Note] InnoDB: Initializing buffer pool, size = 128.0M
2016-10-13 13:46:53 848 [Note] InnoDB: Completed initialization of buffer pool
2016-10-13 13:46:53 848 [Note] InnoDB: Highest supported file format is Barracuda.
2016-10-13 13:46:53 848 [Note] InnoDB: The log sequence numbers 1626134 and 1626134 in ibdata files do not match the log sequence number 18034723 in the ib_logfiles!
2016-10-13 13:46:53 848 [Note] InnoDB: Database was not shutdown normally!
2016-10-13 13:46:53 848 [Note] InnoDB: Starting crash recovery.
2016-10-13 13:46:53 848 [Note] InnoDB: Reading tablespace information from the .ibd files...
2016-10-13 13:46:53 848 [Note] InnoDB: Restoring possible half-written data pages 
2016-10-13 13:46:53 848 [Note] InnoDB: from the doublewrite buffer...
2016-10-13 13:46:53 848 [Note] InnoDB: 128 rollback segment(s) are active.
2016-10-13 13:46:53 848 [Note] InnoDB: Waiting for purge to start
2016-10-13 13:46:53 848 [Note] InnoDB: 5.6.13 started; log sequence number 18034723
2016-10-13 13:46:53 848 [Note] Server hostname (bind-address): '*'; port: 3307
2016-10-13 13:46:53 848 [Note] IPv6 is available.
2016-10-13 13:46:54 848 [Note]   - '::' resolves to '::';
2016-10-13 13:46:54 848 [Note] Server socket created on IP: '::'.
2016-10-13 14:08:11 1624 [Note] Plugin 'FEDERATED' is disabled.
2016-10-13 14:08:11 1624 [Note] InnoDB: The InnoDB memory heap is disabled
2016-10-13 14:08:11 1624 [Note] InnoDB: Mutexes and rw_locks use Windows interlocked functions
2016-10-13 14:08:11 1624 [Note] InnoDB: Compressed tables use zlib 1.2.3
2016-10-13 14:08:11 1624 [Note] InnoDB: Not using CPU crc32 instructions
2016-10-13 14:08:11 1624 [Note] InnoDB: Initializing buffer pool, size = 128.0M
2016-10-13 14:08:11 1624 [Note] InnoDB: Completed initialization of buffer pool
2016-10-13 14:08:11 1624 [Note] InnoDB: Highest supported file format is Barracuda.
2016-10-13 14:08:11 1624 [Note] InnoDB: The log sequence numbers 1626134 and 1626134 in ibdata files do not match the log sequence number 18047993 in the ib_logfiles!
2016-10-13 14:08:11 1624 [Note] InnoDB: Database was not shutdown normally!
2016-10-13 14:08:11 1624 [Note] InnoDB: Starting crash recovery.
2016-10-13 14:08:11 1624 [Note] InnoDB: Reading tablespace information from the .ibd files...
2016-10-13 14:08:11 1624 [Note] InnoDB: Restoring possible half-written data pages 
2016-10-13 14:08:11 1624 [Note] InnoDB: from the doublewrite buffer...
2016-10-13 14:08:11 1624 [Note] InnoDB: 128 rollback segment(s) are active.
2016-10-13 14:08:11 1624 [Note] InnoDB: Waiting for purge to start
2016-10-13 14:08:11 1624 [Note] InnoDB: 5.6.13 started; log sequence number 18047993
2016-10-13 14:08:11 1624 [Note] Server hostname (bind-address): '*'; port: 3307
2016-10-13 14:08:11 1624 [Note] IPv6 is available.
2016-10-13 14:08:11 1624 [Note]   - '::' resolves to '::';
2016-10-13 14:08:11 1624 [Note] Server socket created on IP: '::'.
2016-10-13 15:24:50 2308 [Note] Plugin 'FEDERATED' is disabled.
2016-10-13 15:24:50 2308 [Note] InnoDB: The InnoDB memory heap is disabled
2016-10-13 15:24:50 2308 [Note] InnoDB: Mutexes and rw_locks use Windows interlocked functions
2016-10-13 15:24:50 2308 [Note] InnoDB: Compressed tables use zlib 1.2.3
2016-10-13 15:24:50 2308 [Note] InnoDB: Not using CPU crc32 instructions
2016-10-13 15:24:50 2308 [Note] InnoDB: Initializing buffer pool, size = 128.0M
2016-10-13 15:24:50 2308 [Note] InnoDB: Completed initialization of buffer pool
2016-10-13 15:24:50 2308 [Note] InnoDB: Highest supported file format is Barracuda.
2016-10-13 15:24:50 2308 [Note] InnoDB: The log sequence numbers 1626134 and 1626134 in ibdata files do not match the log sequence number 18048623 in the ib_logfiles!
2016-10-13 15:24:50 2308 [Note] InnoDB: Database was not shutdown normally!
2016-10-13 15:24:50 2308 [Note] InnoDB: Starting crash recovery.
2016-10-13 15:24:50 2308 [Note] InnoDB: Reading tablespace information from the .ibd files...
2016-10-13 15:24:50 2308 [Note] InnoDB: Restoring possible half-written data pages 
2016-10-13 15:24:50 2308 [Note] InnoDB: from the doublewrite buffer...
2016-10-13 15:24:51 2308 [Note] InnoDB: 128 rollback segment(s) are active.
2016-10-13 15:24:51 2308 [Note] InnoDB: Waiting for purge to start
2016-10-13 15:24:51 2308 [Note] InnoDB: 5.6.13 started; log sequence number 18048623
2016-10-13 15:24:51 2308 [Note] Server hostname (bind-address): '*'; port: 3307
2016-10-13 15:24:51 2308 [Note] IPv6 is available.
2016-10-13 15:24:51 2308 [Note]   - '::' resolves to '::';
2016-10-13 15:24:51 2308 [Note] Server socket created on IP: '::'.
2016-10-13 15:24:51 2308 [ERROR] Can't start server: Bind on TCP/IP port: No such file or directory
2016-10-13 15:24:51 2308 [ERROR] Do you already have another mysqld server running on port: 3307 ?
2016-10-13 15:24:51 2308 [ERROR] Aborting

2016-10-13 15:24:51 2308 [Note] Binlog end
2016-10-13 15:24:51 2308 [Note] Shutting down plugin 'partition'
2016-10-13 15:24:51 2308 [Note] Shutting down plugin 'PERFORMANCE_SCHEMA'
2016-10-13 15:24:51 2308 [Note] Shutting down plugin 'INNODB_SYS_DATAFILES'
2016-10-13 15:24:51 2308 [Note] Shutting down plugin 'INNODB_SYS_TABLESPACES'
2016-10-13 15:24:51 2308 [Note] Shutting down plugin 'INNODB_SYS_FOREIGN_COLS'
2016-10-13 15:24:51 2308 [Note] Shutting down plugin 'INNODB_SYS_FOREIGN'
2016-10-13 15:24:51 2308 [Note] Shutting down plugin 'INNODB_SYS_FIELDS'
2016-10-13 15:24:51 2308 [Note] Shutting down plugin 'INNODB_SYS_COLUMNS'
2016-10-13 15:24:51 2308 [Note] Shutting down plugin 'INNODB_SYS_INDEXES'
2016-10-13 15:24:51 2308 [Note] Shutting down plugin 'INNODB_SYS_TABLESTATS'
2016-10-13 15:24:51 2308 [Note] Shutting down plugin 'INNODB_SYS_TABLES'
2016-10-13 15:24:51 2308 [Note] Shutting down plugin 'INNODB_FT_INDEX_TABLE'
2016-10-13 15:24:51 2308 [Note] Shutting down plugin 'INNODB_FT_INDEX_CACHE'
2016-10-13 15:24:51 2308 [Note] Shutting down plugin 'INNODB_FT_CONFIG'
2016-10-13 15:24:51 2308 [Note] Shutting down plugin 'INNODB_FT_BEING_DELETED'
2016-10-13 15:24:51 2308 [Note] Shutting down plugin 'INNODB_FT_DELETED'
2016-10-13 15:24:51 2308 [Note] Shutting down plugin 'INNODB_FT_DEFAULT_STOPWORD'
2016-10-13 15:24:51 2308 [Note] Shutting down plugin 'INNODB_METRICS'
2016-10-13 15:24:51 2308 [Note] Shutting down plugin 'INNODB_BUFFER_POOL_STATS'
2016-10-13 15:24:51 2308 [Note] Shutting down plugin 'INNODB_BUFFER_PAGE_LRU'
2016-10-13 15:24:51 2308 [Note] Shutting down plugin 'INNODB_BUFFER_PAGE'
2016-10-13 15:24:51 2308 [Note] Shutting down plugin 'INNODB_CMP_PER_INDEX_RESET'
2016-10-13 15:24:51 2308 [Note] Shutting down plugin 'INNODB_CMP_PER_INDEX'
2016-10-13 15:24:51 2308 [Note] Shutting down plugin 'INNODB_CMPMEM_RESET'
2016-10-13 15:24:51 2308 [Note] Shutting down plugin 'INNODB_CMPMEM'
2016-10-13 15:24:51 2308 [Note] Shutting down plugin 'INNODB_CMP_RESET'
2016-10-13 15:24:51 2308 [Note] Shutting down plugin 'INNODB_CMP'
2016-10-13 15:24:51 2308 [Note] Shutting down plugin 'INNODB_LOCK_WAITS'
2016-10-13 15:24:51 2308 [Note] Shutting down plugin 'INNODB_LOCKS'
2016-10-13 15:24:51 2308 [Note] Shutting down plugin 'INNODB_TRX'
2016-10-13 15:24:51 2308 [Note] Shutting down plugin 'InnoDB'
2016-10-13 15:24:51 2308 [Note] InnoDB: FTS optimize thread exiting.
2016-10-13 15:24:51 2308 [Note] InnoDB: Starting shutdown...
2016-10-13 15:24:52 2308 [Note] InnoDB: Shutdown completed; log sequence number 18048633
2016-10-13 15:24:52 2308 [Note] Shutting down plugin 'BLACKHOLE'
2016-10-13 15:24:52 2308 [Note] Shutting down plugin 'ARCHIVE'
2016-10-13 15:24:52 2308 [Note] Shutting down plugin 'MRG_MYISAM'
2016-10-13 15:24:52 2308 [Note] Shutting down plugin 'MyISAM'
2016-10-13 15:24:52 2308 [Note] Shutting down plugin 'MEMORY'
2016-10-13 15:24:52 2308 [Note] Shutting down plugin 'CSV'
2016-10-13 15:24:52 2308 [Note] Shutting down plugin 'sha256_password'
2016-10-13 15:24:52 2308 [Note] Shutting down plugin 'mysql_old_password'
2016-10-13 15:24:52 2308 [Note] Shutting down plugin 'mysql_native_password'
2016-10-13 15:24:52 2308 [Note] Shutting down plugin 'binlog'
2016-10-13 15:24:52 2308 [Note] C:\Users\Onetoweb\Desktop\localhost/mysql/bin/mysqld_usbwv8.exe: Shutdown complete

2016-10-13 16:03:52 344 [Note] Plugin 'FEDERATED' is disabled.
2016-10-13 16:03:52 344 [Note] InnoDB: The InnoDB memory heap is disabled
2016-10-13 16:03:52 344 [Note] InnoDB: Mutexes and rw_locks use Windows interlocked functions
2016-10-13 16:03:52 344 [Note] InnoDB: Compressed tables use zlib 1.2.3
2016-10-13 16:03:52 344 [Note] InnoDB: Not using CPU crc32 instructions
2016-10-13 16:03:52 344 [Note] InnoDB: Initializing buffer pool, size = 128.0M
2016-10-13 16:03:52 344 [Note] InnoDB: Completed initialization of buffer pool
2016-10-13 16:03:53 344 [Note] InnoDB: Highest supported file format is Barracuda.
2016-10-13 16:03:53 344 [Note] InnoDB: 128 rollback segment(s) are active.
2016-10-13 16:03:53 344 [Note] InnoDB: Waiting for purge to start
2016-10-13 16:03:53 344 [Note] InnoDB: 5.6.13 started; log sequence number 18048633
2016-10-13 16:03:53 344 [Note] Server hostname (bind-address): '*'; port: 3307
2016-10-13 16:03:53 344 [Note] IPv6 is available.
2016-10-13 16:03:53 344 [Note]   - '::' resolves to '::';
2016-10-13 16:03:53 344 [Note] Server socket created on IP: '::'.
2016-10-14 10:18:17 1468 [Note] Plugin 'FEDERATED' is disabled.
2016-10-14 10:18:17 1468 [Note] InnoDB: The InnoDB memory heap is disabled
2016-10-14 10:18:17 1468 [Note] InnoDB: Mutexes and rw_locks use Windows interlocked functions
2016-10-14 10:18:17 1468 [Note] InnoDB: Compressed tables use zlib 1.2.3
2016-10-14 10:18:17 1468 [Note] InnoDB: Not using CPU crc32 instructions
2016-10-14 10:18:17 1468 [Note] InnoDB: Initializing buffer pool, size = 128.0M
2016-10-14 10:18:17 1468 [Note] InnoDB: Completed initialization of buffer pool
2016-10-14 10:18:17 1468 [Note] InnoDB: Highest supported file format is Barracuda.
2016-10-14 10:18:17 1468 [Note] InnoDB: The log sequence numbers 18048633 and 18048633 in ibdata files do not match the log sequence number 19208497 in the ib_logfiles!
2016-10-14 10:18:17 1468 [Note] InnoDB: Database was not shutdown normally!
2016-10-14 10:18:17 1468 [Note] InnoDB: Starting crash recovery.
2016-10-14 10:18:17 1468 [Note] InnoDB: Reading tablespace information from the .ibd files...
2016-10-14 10:18:17 1468 [Note] InnoDB: Restoring possible half-written data pages 
2016-10-14 10:18:17 1468 [Note] InnoDB: from the doublewrite buffer...
2016-10-14 10:18:17 1468 [Note] InnoDB: 128 rollback segment(s) are active.
2016-10-14 10:18:17 1468 [Note] InnoDB: Waiting for purge to start
2016-10-14 10:18:17 1468 [Note] InnoDB: 5.6.13 started; log sequence number 19208497
2016-10-14 10:18:17 1468 [Note] Server hostname (bind-address): '*'; port: 3307
2016-10-14 10:18:17 1468 [Note] IPv6 is available.
2016-10-14 10:18:17 1468 [Note]   - '::' resolves to '::';
2016-10-14 10:18:17 1468 [Note] Server socket created on IP: '::'.
2016-10-14 10:29:09 4164 [Note] Plugin 'FEDERATED' is disabled.
2016-10-14 10:29:09 4164 [Note] InnoDB: The InnoDB memory heap is disabled
2016-10-14 10:29:09 4164 [Note] InnoDB: Mutexes and rw_locks use Windows interlocked functions
2016-10-14 10:29:09 4164 [Note] InnoDB: Compressed tables use zlib 1.2.3
2016-10-14 10:29:09 4164 [Note] InnoDB: Not using CPU crc32 instructions
2016-10-14 10:29:09 4164 [Note] InnoDB: Initializing buffer pool, size = 128.0M
2016-10-14 10:29:09 4164 [Note] InnoDB: Completed initialization of buffer pool
2016-10-14 10:29:09 4164 [Note] InnoDB: Highest supported file format is Barracuda.
2016-10-14 10:29:09 4164 [Note] InnoDB: The log sequence numbers 18048633 and 18048633 in ibdata files do not match the log sequence number 19706959 in the ib_logfiles!
2016-10-14 10:29:09 4164 [Note] InnoDB: Database was not shutdown normally!
2016-10-14 10:29:09 4164 [Note] InnoDB: Starting crash recovery.
2016-10-14 10:29:09 4164 [Note] InnoDB: Reading tablespace information from the .ibd files...
2016-10-14 10:29:09 4164 [Note] InnoDB: Restoring possible half-written data pages 
2016-10-14 10:29:09 4164 [Note] InnoDB: from the doublewrite buffer...
2016-10-14 10:29:09 4164 [Note] InnoDB: 128 rollback segment(s) are active.
2016-10-14 10:29:09 4164 [Note] InnoDB: Waiting for purge to start
2016-10-14 10:29:09 4164 [Note] InnoDB: 5.6.13 started; log sequence number 19706959
2016-10-14 10:29:09 4164 [Note] Server hostname (bind-address): '*'; port: 3307
2016-10-14 10:29:09 4164 [Note] IPv6 is available.
2016-10-14 10:29:09 4164 [Note]   - '::' resolves to '::';
2016-10-14 10:29:09 4164 [Note] Server socket created on IP: '::'.
2016-10-18 09:12:34 548 [Note] Plugin 'FEDERATED' is disabled.
2016-10-18 09:12:34 548 [Note] InnoDB: The InnoDB memory heap is disabled
2016-10-18 09:12:34 548 [Note] InnoDB: Mutexes and rw_locks use Windows interlocked functions
2016-10-18 09:12:34 548 [Note] InnoDB: Compressed tables use zlib 1.2.3
2016-10-18 09:12:34 548 [Note] InnoDB: Not using CPU crc32 instructions
2016-10-18 09:12:34 548 [Note] InnoDB: Initializing buffer pool, size = 128.0M
2016-10-18 09:12:34 548 [Note] InnoDB: Completed initialization of buffer pool
2016-10-18 09:12:34 548 [Note] InnoDB: Highest supported file format is Barracuda.
2016-10-18 09:12:34 548 [Note] InnoDB: The log sequence numbers 18048633 and 18048633 in ibdata files do not match the log sequence number 20587411 in the ib_logfiles!
2016-10-18 09:12:34 548 [Note] InnoDB: Database was not shutdown normally!
2016-10-18 09:12:34 548 [Note] InnoDB: Starting crash recovery.
2016-10-18 09:12:34 548 [Note] InnoDB: Reading tablespace information from the .ibd files...
2016-10-18 09:12:35 548 [Note] InnoDB: Restoring possible half-written data pages 
2016-10-18 09:12:35 548 [Note] InnoDB: from the doublewrite buffer...
2016-10-18 09:12:35 548 [Note] InnoDB: 128 rollback segment(s) are active.
2016-10-18 09:12:35 548 [Note] InnoDB: Waiting for purge to start
2016-10-18 09:12:35 548 [Note] InnoDB: 5.6.13 started; log sequence number 20587411
2016-10-18 09:12:35 548 [Note] Server hostname (bind-address): '*'; port: 3307
2016-10-18 09:12:35 548 [Note] IPv6 is available.
2016-10-18 09:12:35 548 [Note]   - '::' resolves to '::';
2016-10-18 09:12:35 548 [Note] Server socket created on IP: '::'.
2016-10-19 09:11:22 4624 [Note] Plugin 'FEDERATED' is disabled.
2016-10-19 09:11:22 4624 [Note] InnoDB: The InnoDB memory heap is disabled
2016-10-19 09:11:22 4624 [Note] InnoDB: Mutexes and rw_locks use Windows interlocked functions
2016-10-19 09:11:22 4624 [Note] InnoDB: Compressed tables use zlib 1.2.3
2016-10-19 09:11:22 4624 [Note] InnoDB: Not using CPU crc32 instructions
2016-10-19 09:11:22 4624 [Note] InnoDB: Initializing buffer pool, size = 128.0M
2016-10-19 09:11:22 4624 [Note] InnoDB: Completed initialization of buffer pool
2016-10-19 09:11:22 4624 [Note] InnoDB: Highest supported file format is Barracuda.
2016-10-19 09:11:22 4624 [Note] InnoDB: The log sequence numbers 18048633 and 18048633 in ibdata files do not match the log sequence number 22129301 in the ib_logfiles!
2016-10-19 09:11:22 4624 [Note] InnoDB: Database was not shutdown normally!
2016-10-19 09:11:22 4624 [Note] InnoDB: Starting crash recovery.
2016-10-19 09:11:22 4624 [Note] InnoDB: Reading tablespace information from the .ibd files...
2016-10-19 09:11:22 4624 [Note] InnoDB: Restoring possible half-written data pages 
2016-10-19 09:11:22 4624 [Note] InnoDB: from the doublewrite buffer...
2016-10-19 09:11:22 4624 [Note] InnoDB: 128 rollback segment(s) are active.
2016-10-19 09:11:22 4624 [Note] InnoDB: Waiting for purge to start
2016-10-19 09:11:22 4624 [Note] InnoDB: 5.6.13 started; log sequence number 22129301
2016-10-19 09:11:22 4624 [Note] Server hostname (bind-address): '*'; port: 3307
2016-10-19 09:11:22 4624 [Note] IPv6 is available.
2016-10-19 09:11:22 4624 [Note]   - '::' resolves to '::';
2016-10-19 09:11:22 4624 [Note] Server socket created on IP: '::'.
2016-10-20 09:18:37 6744 [Note] Plugin 'FEDERATED' is disabled.
2016-10-20 09:18:37 6744 [Note] InnoDB: The InnoDB memory heap is disabled
2016-10-20 09:18:37 6744 [Note] InnoDB: Mutexes and rw_locks use Windows interlocked functions
2016-10-20 09:18:37 6744 [Note] InnoDB: Compressed tables use zlib 1.2.3
2016-10-20 09:18:37 6744 [Note] InnoDB: Not using CPU crc32 instructions
2016-10-20 09:18:37 6744 [Note] InnoDB: Initializing buffer pool, size = 128.0M
2016-10-20 09:18:37 6744 [Note] InnoDB: Completed initialization of buffer pool
2016-10-20 09:18:37 6744 [Note] InnoDB: Highest supported file format is Barracuda.
2016-10-20 09:18:37 6744 [Note] InnoDB: The log sequence numbers 18048633 and 18048633 in ibdata files do not match the log sequence number 24038234 in the ib_logfiles!
2016-10-20 09:18:37 6744 [Note] InnoDB: Database was not shutdown normally!
2016-10-20 09:18:37 6744 [Note] InnoDB: Starting crash recovery.
2016-10-20 09:18:37 6744 [Note] InnoDB: Reading tablespace information from the .ibd files...
2016-10-20 09:18:37 6744 [Note] InnoDB: Restoring possible half-written data pages 
2016-10-20 09:18:37 6744 [Note] InnoDB: from the doublewrite buffer...
2016-10-20 09:18:37 6744 [Note] InnoDB: 128 rollback segment(s) are active.
2016-10-20 09:18:37 6744 [Note] InnoDB: Waiting for purge to start
2016-10-20 09:18:38 6744 [Note] InnoDB: 5.6.13 started; log sequence number 24038234
2016-10-20 09:18:38 6744 [Note] Server hostname (bind-address): '*'; port: 3307
2016-10-20 09:18:38 6744 [Note] IPv6 is available.
2016-10-20 09:18:38 6744 [Note]   - '::' resolves to '::';
2016-10-20 09:18:38 6744 [Note] Server socket created on IP: '::'.
2016-10-20 10:20:38 1364 [Note] Plugin 'FEDERATED' is disabled.
2016-10-20 10:20:38 1364 [Note] InnoDB: The InnoDB memory heap is disabled
2016-10-20 10:20:38 1364 [Note] InnoDB: Mutexes and rw_locks use Windows interlocked functions
2016-10-20 10:20:38 1364 [Note] InnoDB: Compressed tables use zlib 1.2.3
2016-10-20 10:20:38 1364 [Note] InnoDB: Not using CPU crc32 instructions
2016-10-20 10:20:38 1364 [Note] InnoDB: Initializing buffer pool, size = 128.0M
2016-10-20 10:20:38 1364 [Note] InnoDB: Completed initialization of buffer pool
2016-10-20 10:20:38 1364 [Note] InnoDB: Highest supported file format is Barracuda.
2016-10-20 10:20:38 1364 [Note] InnoDB: The log sequence numbers 18048633 and 18048633 in ibdata files do not match the log sequence number 24109516 in the ib_logfiles!
2016-10-20 10:20:38 1364 [Note] InnoDB: Database was not shutdown normally!
2016-10-20 10:20:38 1364 [Note] InnoDB: Starting crash recovery.
2016-10-20 10:20:38 1364 [Note] InnoDB: Reading tablespace information from the .ibd files...
2016-10-20 10:20:39 1364 [Note] InnoDB: Restoring possible half-written data pages 
2016-10-20 10:20:39 1364 [Note] InnoDB: from the doublewrite buffer...
2016-10-20 10:20:39 1364 [Note] InnoDB: 128 rollback segment(s) are active.
2016-10-20 10:20:39 1364 [Note] InnoDB: Waiting for purge to start
2016-10-20 10:20:39 1364 [Note] InnoDB: 5.6.13 started; log sequence number 24109516
2016-10-20 10:20:39 1364 [Note] Server hostname (bind-address): '*'; port: 3307
2016-10-20 10:20:39 1364 [Note] IPv6 is available.
2016-10-20 10:20:39 1364 [Note]   - '::' resolves to '::';
2016-10-20 10:20:39 1364 [Note] Server socket created on IP: '::'.
2016-10-20 12:23:32 2564 [Note] Plugin 'FEDERATED' is disabled.
2016-10-20 12:23:32 2564 [Note] InnoDB: The InnoDB memory heap is disabled
2016-10-20 12:23:32 2564 [Note] InnoDB: Mutexes and rw_locks use Windows interlocked functions
2016-10-20 12:23:32 2564 [Note] InnoDB: Compressed tables use zlib 1.2.3
2016-10-20 12:23:32 2564 [Note] InnoDB: Not using CPU crc32 instructions
2016-10-20 12:23:32 2564 [Note] InnoDB: Initializing buffer pool, size = 128.0M
2016-10-20 12:23:32 2564 [Note] InnoDB: Completed initialization of buffer pool
2016-10-20 12:23:32 2564 [Note] InnoDB: Highest supported file format is Barracuda.
2016-10-20 12:23:32 2564 [Note] InnoDB: The log sequence numbers 18048633 and 18048633 in ibdata files do not match the log sequence number 24585506 in the ib_logfiles!
2016-10-20 12:23:32 2564 [Note] InnoDB: Database was not shutdown normally!
2016-10-20 12:23:32 2564 [Note] InnoDB: Starting crash recovery.
2016-10-20 12:23:32 2564 [Note] InnoDB: Reading tablespace information from the .ibd files...
2016-10-20 12:23:33 2564 [Note] InnoDB: Restoring possible half-written data pages 
2016-10-20 12:23:33 2564 [Note] InnoDB: from the doublewrite buffer...
2016-10-20 12:23:33 2564 [Note] InnoDB: 128 rollback segment(s) are active.
2016-10-20 12:23:33 2564 [Note] InnoDB: Waiting for purge to start
2016-10-20 12:23:33 2564 [Note] InnoDB: 5.6.13 started; log sequence number 24585506
2016-10-20 12:23:33 2564 [Note] Server hostname (bind-address): '*'; port: 3307
2016-10-20 12:23:33 2564 [Note] IPv6 is available.
2016-10-20 12:23:33 2564 [Note]   - '::' resolves to '::';
2016-10-20 12:23:33 2564 [Note] Server socket created on IP: '::'.
2016-10-21 10:05:59 3320 [Note] Plugin 'FEDERATED' is disabled.
2016-10-21 10:05:59 3320 [Note] InnoDB: The InnoDB memory heap is disabled
2016-10-21 10:05:59 3320 [Note] InnoDB: Mutexes and rw_locks use Windows interlocked functions
2016-10-21 10:05:59 3320 [Note] InnoDB: Compressed tables use zlib 1.2.3
2016-10-21 10:05:59 3320 [Note] InnoDB: Not using CPU crc32 instructions
2016-10-21 10:05:59 3320 [Note] InnoDB: Initializing buffer pool, size = 128.0M
2016-10-21 10:05:59 3320 [Note] InnoDB: Completed initialization of buffer pool
2016-10-21 10:05:59 3320 [Note] InnoDB: Highest supported file format is Barracuda.
2016-10-21 10:05:59 3320 [Note] InnoDB: The log sequence numbers 18048633 and 18048633 in ibdata files do not match the log sequence number 24761646 in the ib_logfiles!
2016-10-21 10:05:59 3320 [Note] InnoDB: Database was not shutdown normally!
2016-10-21 10:05:59 3320 [Note] InnoDB: Starting crash recovery.
2016-10-21 10:05:59 3320 [Note] InnoDB: Reading tablespace information from the .ibd files...
2016-10-21 10:05:59 3320 [Note] InnoDB: Restoring possible half-written data pages 
2016-10-21 10:05:59 3320 [Note] InnoDB: from the doublewrite buffer...
2016-10-21 10:05:59 3320 [Note] InnoDB: 128 rollback segment(s) are active.
2016-10-21 10:05:59 3320 [Note] InnoDB: Waiting for purge to start
2016-10-21 10:05:59 3320 [Note] InnoDB: 5.6.13 started; log sequence number 24761646
2016-10-21 10:05:59 3320 [Note] Server hostname (bind-address): '*'; port: 3307
2016-10-21 10:05:59 3320 [Note] IPv6 is available.
2016-10-21 10:05:59 3320 [Note]   - '::' resolves to '::';
2016-10-21 10:05:59 3320 [Note] Server socket created on IP: '::'.
2016-10-21 10:33:50 7720 [Note] Plugin 'FEDERATED' is disabled.
2016-10-21 10:33:50 7720 [Note] InnoDB: The InnoDB memory heap is disabled
2016-10-21 10:33:50 7720 [Note] InnoDB: Mutexes and rw_locks use Windows interlocked functions
2016-10-21 10:33:50 7720 [Note] InnoDB: Compressed tables use zlib 1.2.3
2016-10-21 10:33:50 7720 [Note] InnoDB: Not using CPU crc32 instructions
2016-10-21 10:33:50 7720 [Note] InnoDB: Initializing buffer pool, size = 128.0M
2016-10-21 10:33:50 7720 [Note] InnoDB: Completed initialization of buffer pool
2016-10-21 10:33:50 7720 [Note] InnoDB: Highest supported file format is Barracuda.
2016-10-21 10:33:50 7720 [Note] InnoDB: The log sequence numbers 18048633 and 18048633 in ibdata files do not match the log sequence number 24820495 in the ib_logfiles!
2016-10-21 10:33:50 7720 [Note] InnoDB: Database was not shutdown normally!
2016-10-21 10:33:50 7720 [Note] InnoDB: Starting crash recovery.
2016-10-21 10:33:50 7720 [Note] InnoDB: Reading tablespace information from the .ibd files...
2016-10-21 10:33:50 7720 [Note] InnoDB: Restoring possible half-written data pages 
2016-10-21 10:33:50 7720 [Note] InnoDB: from the doublewrite buffer...
2016-10-21 10:33:50 7720 [Note] InnoDB: 128 rollback segment(s) are active.
2016-10-21 10:33:50 7720 [Note] InnoDB: Waiting for purge to start
2016-10-21 10:33:50 7720 [Note] InnoDB: 5.6.13 started; log sequence number 24820495
2016-10-21 10:33:50 7720 [Note] Server hostname (bind-address): '*'; port: 3307
2016-10-21 10:33:50 7720 [Note] IPv6 is available.
2016-10-21 10:33:50 7720 [Note]   - '::' resolves to '::';
2016-10-21 10:33:50 7720 [Note] Server socket created on IP: '::'.
2016-10-21 10:39:49 3464 [Note] Plugin 'FEDERATED' is disabled.
2016-10-21 10:39:49 3464 [Note] InnoDB: The InnoDB memory heap is disabled
2016-10-21 10:39:49 3464 [Note] InnoDB: Mutexes and rw_locks use Windows interlocked functions
2016-10-21 10:39:49 3464 [Note] InnoDB: Compressed tables use zlib 1.2.3
2016-10-21 10:39:49 3464 [Note] InnoDB: Not using CPU crc32 instructions
2016-10-21 10:39:49 3464 [Note] InnoDB: Initializing buffer pool, size = 128.0M
2016-10-21 10:39:49 3464 [Note] InnoDB: Completed initialization of buffer pool
2016-10-21 10:39:49 3464 [Note] InnoDB: Highest supported file format is Barracuda.
2016-10-21 10:39:49 3464 [Note] InnoDB: The log sequence numbers 18048633 and 18048633 in ibdata files do not match the log sequence number 24941552 in the ib_logfiles!
2016-10-21 10:39:49 3464 [Note] InnoDB: Database was not shutdown normally!
2016-10-21 10:39:49 3464 [Note] InnoDB: Starting crash recovery.
2016-10-21 10:39:49 3464 [Note] InnoDB: Reading tablespace information from the .ibd files...
2016-10-21 10:39:49 3464 [Note] InnoDB: Restoring possible half-written data pages 
2016-10-21 10:39:49 3464 [Note] InnoDB: from the doublewrite buffer...
2016-10-21 10:39:49 3464 [Note] InnoDB: 128 rollback segment(s) are active.
2016-10-21 10:39:49 3464 [Note] InnoDB: Waiting for purge to start
2016-10-21 10:39:49 3464 [Note] InnoDB: 5.6.13 started; log sequence number 24941552
2016-10-21 10:39:49 3464 [Note] Server hostname (bind-address): '*'; port: 3307
2016-10-21 10:39:49 3464 [Note] IPv6 is available.
2016-10-21 10:39:49 3464 [Note]   - '::' resolves to '::';
2016-10-21 10:39:49 3464 [Note] Server socket created on IP: '::'.
2016-10-25 09:09:04 4916 [Note] Plugin 'FEDERATED' is disabled.
2016-10-25 09:09:04 4916 [Note] InnoDB: The InnoDB memory heap is disabled
2016-10-25 09:09:04 4916 [Note] InnoDB: Mutexes and rw_locks use Windows interlocked functions
2016-10-25 09:09:04 4916 [Note] InnoDB: Compressed tables use zlib 1.2.3
2016-10-25 09:09:04 4916 [Note] InnoDB: Not using CPU crc32 instructions
2016-10-25 09:09:04 4916 [Note] InnoDB: Initializing buffer pool, size = 128.0M
2016-10-25 09:09:04 4916 [Note] InnoDB: Completed initialization of buffer pool
2016-10-25 09:09:04 4916 [Note] InnoDB: Highest supported file format is Barracuda.
2016-10-25 09:09:04 4916 [Note] InnoDB: The log sequence numbers 18048633 and 18048633 in ibdata files do not match the log sequence number 27233640 in the ib_logfiles!
2016-10-25 09:09:04 4916 [Note] InnoDB: Database was not shutdown normally!
2016-10-25 09:09:04 4916 [Note] InnoDB: Starting crash recovery.
2016-10-25 09:09:04 4916 [Note] InnoDB: Reading tablespace information from the .ibd files...
2016-10-25 09:09:04 4916 [Note] InnoDB: Restoring possible half-written data pages 
2016-10-25 09:09:04 4916 [Note] InnoDB: from the doublewrite buffer...
2016-10-25 09:09:05 4916 [Note] InnoDB: 128 rollback segment(s) are active.
2016-10-25 09:09:05 4916 [Note] InnoDB: Waiting for purge to start
2016-10-25 09:09:05 4916 [Note] InnoDB: 5.6.13 started; log sequence number 27233640
2016-10-25 09:09:05 4916 [Note] Server hostname (bind-address): '*'; port: 3307
2016-10-25 09:09:05 4916 [Note] IPv6 is available.
2016-10-25 09:09:05 4916 [Note]   - '::' resolves to '::';
2016-10-25 09:09:05 4916 [Note] Server socket created on IP: '::'.
2016-10-25 16:19:22 5104 [Note] Plugin 'FEDERATED' is disabled.
2016-10-25 16:19:22 5104 [Note] InnoDB: The InnoDB memory heap is disabled
2016-10-25 16:19:22 5104 [Note] InnoDB: Mutexes and rw_locks use Windows interlocked functions
2016-10-25 16:19:22 5104 [Note] InnoDB: Compressed tables use zlib 1.2.3
2016-10-25 16:19:22 5104 [Note] InnoDB: Not using CPU crc32 instructions
2016-10-25 16:19:22 5104 [Note] InnoDB: Initializing buffer pool, size = 128.0M
2016-10-25 16:19:22 5104 [Note] InnoDB: Completed initialization of buffer pool
2016-10-25 16:19:23 5104 [Note] InnoDB: Highest supported file format is Barracuda.
2016-10-25 16:19:23 5104 [Note] InnoDB: The log sequence numbers 18048633 and 18048633 in ibdata files do not match the log sequence number 28146869 in the ib_logfiles!
2016-10-25 16:19:23 5104 [Note] InnoDB: Database was not shutdown normally!
2016-10-25 16:19:23 5104 [Note] InnoDB: Starting crash recovery.
2016-10-25 16:19:23 5104 [Note] InnoDB: Reading tablespace information from the .ibd files...
2016-10-25 16:19:23 5104 [Note] InnoDB: Restoring possible half-written data pages 
2016-10-25 16:19:23 5104 [Note] InnoDB: from the doublewrite buffer...
2016-10-25 16:19:23 5104 [Note] InnoDB: 128 rollback segment(s) are active.
2016-10-25 16:19:23 5104 [Note] InnoDB: Waiting for purge to start
2016-10-25 16:19:23 5104 [Note] InnoDB: 5.6.13 started; log sequence number 28146869
2016-10-25 16:19:23 5104 [Note] Server hostname (bind-address): '*'; port: 3307
2016-10-25 16:19:23 5104 [Note] IPv6 is available.
2016-10-25 16:19:23 5104 [Note]   - '::' resolves to '::';
2016-10-25 16:19:23 5104 [Note] Server socket created on IP: '::'.
2016-10-26 09:10:38 7992 [Note] Plugin 'FEDERATED' is disabled.
2016-10-26 09:10:38 7992 [Note] InnoDB: The InnoDB memory heap is disabled
2016-10-26 09:10:38 7992 [Note] InnoDB: Mutexes and rw_locks use Windows interlocked functions
2016-10-26 09:10:38 7992 [Note] InnoDB: Compressed tables use zlib 1.2.3
2016-10-26 09:10:38 7992 [Note] InnoDB: Not using CPU crc32 instructions
2016-10-26 09:10:38 7992 [Note] InnoDB: Initializing buffer pool, size = 128.0M
2016-10-26 09:10:38 7992 [Note] InnoDB: Completed initialization of buffer pool
2016-10-26 09:10:38 7992 [Note] InnoDB: Highest supported file format is Barracuda.
2016-10-26 09:10:38 7992 [Note] InnoDB: The log sequence numbers 18048633 and 18048633 in ibdata files do not match the log sequence number 28175790 in the ib_logfiles!
2016-10-26 09:10:38 7992 [Note] InnoDB: Database was not shutdown normally!
2016-10-26 09:10:38 7992 [Note] InnoDB: Starting crash recovery.
2016-10-26 09:10:38 7992 [Note] InnoDB: Reading tablespace information from the .ibd files...
2016-10-26 09:10:38 7992 [Note] InnoDB: Restoring possible half-written data pages 
2016-10-26 09:10:38 7992 [Note] InnoDB: from the doublewrite buffer...
2016-10-26 09:10:38 7992 [Note] InnoDB: 128 rollback segment(s) are active.
2016-10-26 09:10:38 7992 [Note] InnoDB: Waiting for purge to start
2016-10-26 09:10:38 7992 [Note] InnoDB: 5.6.13 started; log sequence number 28175790
2016-10-26 09:10:38 7992 [Note] Server hostname (bind-address): '*'; port: 3307
2016-10-26 09:10:38 7992 [Note] IPv6 is available.
2016-10-26 09:10:38 7992 [Note]   - '::' resolves to '::';
2016-10-26 09:10:38 7992 [Note] Server socket created on IP: '::'.
2016-10-27 09:15:40 4516 [Note] Plugin 'FEDERATED' is disabled.
2016-10-27 09:15:40 4516 [Note] InnoDB: The InnoDB memory heap is disabled
2016-10-27 09:15:40 4516 [Note] InnoDB: Mutexes and rw_locks use Windows interlocked functions
2016-10-27 09:15:40 4516 [Note] InnoDB: Compressed tables use zlib 1.2.3
2016-10-27 09:15:40 4516 [Note] InnoDB: Not using CPU crc32 instructions
2016-10-27 09:15:40 4516 [Note] InnoDB: Initializing buffer pool, size = 128.0M
2016-10-27 09:15:40 4516 [Note] InnoDB: Completed initialization of buffer pool
2016-10-27 09:15:40 4516 [Note] InnoDB: Highest supported file format is Barracuda.
2016-10-27 09:15:40 4516 [Note] InnoDB: The log sequence numbers 18048633 and 18048633 in ibdata files do not match the log sequence number 28246630 in the ib_logfiles!
2016-10-27 09:15:40 4516 [Note] InnoDB: Database was not shutdown normally!
2016-10-27 09:15:40 4516 [Note] InnoDB: Starting crash recovery.
2016-10-27 09:15:40 4516 [Note] InnoDB: Reading tablespace information from the .ibd files...
2016-10-27 09:15:41 4516 [Note] InnoDB: Restoring possible half-written data pages 
2016-10-27 09:15:41 4516 [Note] InnoDB: from the doublewrite buffer...
2016-10-27 09:15:41 4516 [Note] InnoDB: 128 rollback segment(s) are active.
2016-10-27 09:15:41 4516 [Note] InnoDB: Waiting for purge to start
2016-10-27 09:15:41 4516 [Note] InnoDB: 5.6.13 started; log sequence number 28246630
2016-10-27 09:15:41 4516 [Note] Server hostname (bind-address): '*'; port: 3307
2016-10-27 09:15:41 4516 [Note] IPv6 is available.
2016-10-27 09:15:41 4516 [Note]   - '::' resolves to '::';
2016-10-27 09:15:41 4516 [Note] Server socket created on IP: '::'.
2016-10-28 09:10:39 6920 [Note] Plugin 'FEDERATED' is disabled.
2016-10-28 09:10:39 6920 [Note] InnoDB: The InnoDB memory heap is disabled
2016-10-28 09:10:39 6920 [Note] InnoDB: Mutexes and rw_locks use Windows interlocked functions
2016-10-28 09:10:39 6920 [Note] InnoDB: Compressed tables use zlib 1.2.3
2016-10-28 09:10:39 6920 [Note] InnoDB: Not using CPU crc32 instructions
2016-10-28 09:10:39 6920 [Note] InnoDB: Initializing buffer pool, size = 128.0M
2016-10-28 09:10:39 6920 [Note] InnoDB: Completed initialization of buffer pool
2016-10-28 09:10:39 6920 [Note] InnoDB: Highest supported file format is Barracuda.
2016-10-28 09:10:39 6920 [Note] InnoDB: The log sequence numbers 18048633 and 18048633 in ibdata files do not match the log sequence number 28452935 in the ib_logfiles!
2016-10-28 09:10:39 6920 [Note] InnoDB: Database was not shutdown normally!
2016-10-28 09:10:39 6920 [Note] InnoDB: Starting crash recovery.
2016-10-28 09:10:39 6920 [Note] InnoDB: Reading tablespace information from the .ibd files...
2016-10-28 09:10:39 6920 [Note] InnoDB: Restoring possible half-written data pages 
2016-10-28 09:10:39 6920 [Note] InnoDB: from the doublewrite buffer...
2016-10-28 09:10:39 6920 [Note] InnoDB: 128 rollback segment(s) are active.
2016-10-28 09:10:39 6920 [Note] InnoDB: Waiting for purge to start
2016-10-28 09:10:39 6920 [Note] InnoDB: 5.6.13 started; log sequence number 28452935
2016-10-28 09:10:39 6920 [Note] Server hostname (bind-address): '*'; port: 3307
2016-10-28 09:10:39 6920 [Note] IPv6 is available.
2016-10-28 09:10:39 6920 [Note]   - '::' resolves to '::';
2016-10-28 09:10:39 6920 [Note] Server socket created on IP: '::'.
2016-10-28 10:48:03 5784 [Note] Plugin 'FEDERATED' is disabled.
2016-10-28 10:48:03 5784 [Note] InnoDB: The InnoDB memory heap is disabled
2016-10-28 10:48:03 5784 [Note] InnoDB: Mutexes and rw_locks use Windows interlocked functions
2016-10-28 10:48:03 5784 [Note] InnoDB: Compressed tables use zlib 1.2.3
2016-10-28 10:48:03 5784 [Note] InnoDB: Not using CPU crc32 instructions
2016-10-28 10:48:03 5784 [Note] InnoDB: Initializing buffer pool, size = 128.0M
2016-10-28 10:48:03 5784 [Note] InnoDB: Completed initialization of buffer pool
2016-10-28 10:48:03 5784 [Note] InnoDB: Highest supported file format is Barracuda.
2016-10-28 10:48:03 5784 [Note] InnoDB: The log sequence numbers 18048633 and 18048633 in ibdata files do not match the log sequence number 28454094 in the ib_logfiles!
2016-10-28 10:48:03 5784 [Note] InnoDB: Database was not shutdown normally!
2016-10-28 10:48:03 5784 [Note] InnoDB: Starting crash recovery.
2016-10-28 10:48:03 5784 [Note] InnoDB: Reading tablespace information from the .ibd files...
2016-10-28 10:48:03 5784 [Note] InnoDB: Restoring possible half-written data pages 
2016-10-28 10:48:03 5784 [Note] InnoDB: from the doublewrite buffer...
2016-10-28 10:48:03 5784 [Note] InnoDB: 128 rollback segment(s) are active.
2016-10-28 10:48:03 5784 [Note] InnoDB: Waiting for purge to start
2016-10-28 10:48:04 5784 [Note] InnoDB: 5.6.13 started; log sequence number 28454094
2016-10-28 10:48:04 5784 [Note] Server hostname (bind-address): '*'; port: 3307
2016-10-28 10:48:04 5784 [Note] IPv6 is available.
2016-10-28 10:48:04 5784 [Note]   - '::' resolves to '::';
2016-10-28 10:48:04 5784 [Note] Server socket created on IP: '::'.
2016-10-28 11:12:55 5240 [Note] Plugin 'FEDERATED' is disabled.
2016-10-28 11:12:55 5240 [Note] InnoDB: The InnoDB memory heap is disabled
2016-10-28 11:12:55 5240 [Note] InnoDB: Mutexes and rw_locks use Windows interlocked functions
2016-10-28 11:12:55 5240 [Note] InnoDB: Compressed tables use zlib 1.2.3
2016-10-28 11:12:55 5240 [Note] InnoDB: Not using CPU crc32 instructions
2016-10-28 11:12:55 5240 [Note] InnoDB: Initializing buffer pool, size = 128.0M
2016-10-28 11:12:55 5240 [Note] InnoDB: Completed initialization of buffer pool
2016-10-28 11:12:55 5240 [Note] InnoDB: Highest supported file format is Barracuda.
2016-10-28 11:12:55 5240 [Note] InnoDB: The log sequence numbers 18048633 and 18048633 in ibdata files do not match the log sequence number 28454104 in the ib_logfiles!
2016-10-28 11:12:55 5240 [Note] InnoDB: Database was not shutdown normally!
2016-10-28 11:12:55 5240 [Note] InnoDB: Starting crash recovery.
2016-10-28 11:12:55 5240 [Note] InnoDB: Reading tablespace information from the .ibd files...
2016-10-28 11:12:55 5240 [Note] InnoDB: Restoring possible half-written data pages 
2016-10-28 11:12:55 5240 [Note] InnoDB: from the doublewrite buffer...
2016-10-28 11:12:56 5240 [Note] InnoDB: 128 rollback segment(s) are active.
2016-10-28 11:12:56 5240 [Note] InnoDB: Waiting for purge to start
2016-10-28 11:12:56 5240 [Note] InnoDB: 5.6.13 started; log sequence number 28454104
2016-10-28 11:12:56 5240 [Note] Server hostname (bind-address): '*'; port: 3307
2016-10-28 11:12:56 5240 [Note] IPv6 is available.
2016-10-28 11:12:56 5240 [Note]   - '::' resolves to '::';
2016-10-28 11:12:56 5240 [Note] Server socket created on IP: '::'.
2016-11-01 09:07:14 2996 [Note] Plugin 'FEDERATED' is disabled.
2016-11-01 09:07:14 2996 [Note] InnoDB: The InnoDB memory heap is disabled
2016-11-01 09:07:14 2996 [Note] InnoDB: Mutexes and rw_locks use Windows interlocked functions
2016-11-01 09:07:14 2996 [Note] InnoDB: Compressed tables use zlib 1.2.3
2016-11-01 09:07:14 2996 [Note] InnoDB: Not using CPU crc32 instructions
2016-11-01 09:07:14 2996 [Note] InnoDB: Initializing buffer pool, size = 128.0M
2016-11-01 09:07:14 2996 [Note] InnoDB: Completed initialization of buffer pool
2016-11-01 09:07:14 2996 [Note] InnoDB: Highest supported file format is Barracuda.
2016-11-01 09:07:14 2996 [Note] InnoDB: The log sequence numbers 18048633 and 18048633 in ibdata files do not match the log sequence number 28505724 in the ib_logfiles!
2016-11-01 09:07:14 2996 [Note] InnoDB: Database was not shutdown normally!
2016-11-01 09:07:14 2996 [Note] InnoDB: Starting crash recovery.
2016-11-01 09:07:14 2996 [Note] InnoDB: Reading tablespace information from the .ibd files...
2016-11-01 09:07:14 2996 [Note] InnoDB: Restoring possible half-written data pages 
2016-11-01 09:07:14 2996 [Note] InnoDB: from the doublewrite buffer...
2016-11-01 09:07:14 2996 [Note] InnoDB: 128 rollback segment(s) are active.
2016-11-01 09:07:14 2996 [Note] InnoDB: Waiting for purge to start
2016-11-01 09:07:14 2996 [Note] InnoDB: 5.6.13 started; log sequence number 28505724
2016-11-01 09:07:14 2996 [Note] Server hostname (bind-address): '*'; port: 3307
2016-11-01 09:07:14 2996 [Note] IPv6 is available.
2016-11-01 09:07:14 2996 [Note]   - '::' resolves to '::';
2016-11-01 09:07:14 2996 [Note] Server socket created on IP: '::'.
2016-11-02 09:14:28 4004 [Note] Plugin 'FEDERATED' is disabled.
2016-11-02 09:14:28 4004 [Note] InnoDB: The InnoDB memory heap is disabled
2016-11-02 09:14:28 4004 [Note] InnoDB: Mutexes and rw_locks use Windows interlocked functions
2016-11-02 09:14:28 4004 [Note] InnoDB: Compressed tables use zlib 1.2.3
2016-11-02 09:14:28 4004 [Note] InnoDB: Not using CPU crc32 instructions
2016-11-02 09:14:28 4004 [Note] InnoDB: Initializing buffer pool, size = 128.0M
2016-11-02 09:14:28 4004 [Note] InnoDB: Completed initialization of buffer pool
2016-11-02 09:14:28 4004 [Note] InnoDB: Highest supported file format is Barracuda.
2016-11-02 09:14:28 4004 [Note] InnoDB: The log sequence numbers 18048633 and 18048633 in ibdata files do not match the log sequence number 28532699 in the ib_logfiles!
2016-11-02 09:14:28 4004 [Note] InnoDB: Database was not shutdown normally!
2016-11-02 09:14:28 4004 [Note] InnoDB: Starting crash recovery.
2016-11-02 09:14:28 4004 [Note] InnoDB: Reading tablespace information from the .ibd files...
2016-11-02 09:14:28 4004 [Note] InnoDB: Restoring possible half-written data pages 
2016-11-02 09:14:28 4004 [Note] InnoDB: from the doublewrite buffer...
2016-11-02 09:14:29 4004 [Note] InnoDB: 128 rollback segment(s) are active.
2016-11-02 09:14:29 4004 [Note] InnoDB: Waiting for purge to start
2016-11-02 09:14:29 4004 [Note] InnoDB: Waiting for purge to start
2016-11-02 09:14:29 4004 [Note] InnoDB: Waiting for purge to start
2016-11-02 09:14:29 4004 [Note] InnoDB: Waiting for purge to start
2016-11-02 09:14:29 4004 [Note] InnoDB: 5.6.13 started; log sequence number 28532699
2016-11-02 09:14:29 4004 [Note] Server hostname (bind-address): '*'; port: 3307
2016-11-02 09:14:29 4004 [Note] IPv6 is available.
2016-11-02 09:14:29 4004 [Note]   - '::' resolves to '::';
2016-11-02 09:14:29 4004 [Note] Server socket created on IP: '::'.
2016-11-03 09:42:21 6412 [Note] Plugin 'FEDERATED' is disabled.
2016-11-03 09:42:21 6412 [Note] InnoDB: The InnoDB memory heap is disabled
2016-11-03 09:42:21 6412 [Note] InnoDB: Mutexes and rw_locks use Windows interlocked functions
2016-11-03 09:42:21 6412 [Note] InnoDB: Compressed tables use zlib 1.2.3
2016-11-03 09:42:21 6412 [Note] InnoDB: Not using CPU crc32 instructions
2016-11-03 09:42:21 6412 [Note] InnoDB: Initializing buffer pool, size = 128.0M
2016-11-03 09:42:21 6412 [Note] InnoDB: Completed initialization of buffer pool
2016-11-03 09:42:21 6412 [Note] InnoDB: Highest supported file format is Barracuda.
2016-11-03 09:42:21 6412 [Note] InnoDB: The log sequence numbers 18048633 and 18048633 in ibdata files do not match the log sequence number 28575497 in the ib_logfiles!
2016-11-03 09:42:21 6412 [Note] InnoDB: Database was not shutdown normally!
2016-11-03 09:42:21 6412 [Note] InnoDB: Starting crash recovery.
2016-11-03 09:42:21 6412 [Note] InnoDB: Reading tablespace information from the .ibd files...
2016-11-03 09:42:21 6412 [Note] InnoDB: Restoring possible half-written data pages 
2016-11-03 09:42:21 6412 [Note] InnoDB: from the doublewrite buffer...
2016-11-03 09:42:22 6412 [Note] InnoDB: 128 rollback segment(s) are active.
2016-11-03 09:42:22 6412 [Note] InnoDB: Waiting for purge to start
2016-11-03 09:42:22 6412 [Note] InnoDB: 5.6.13 started; log sequence number 28575497
2016-11-03 09:42:22 6412 [Note] Server hostname (bind-address): '*'; port: 3307
2016-11-03 09:42:22 6412 [Note] IPv6 is available.
2016-11-03 09:42:22 6412 [Note]   - '::' resolves to '::';
2016-11-03 09:42:22 6412 [Note] Server socket created on IP: '::'.
