2016-03-01 17:25:17 7928 [Note] Plugin 'FEDERATED' is disabled.
2016-03-01 17:25:17 7928 [Note] InnoDB: The InnoDB memory heap is disabled
2016-03-01 17:25:17 7928 [Note] InnoDB: Mutexes and rw_locks use Windows interlocked functions
2016-03-01 17:25:17 7928 [Note] InnoDB: Compressed tables use zlib 1.2.3
2016-03-01 17:25:17 7928 [Note] InnoDB: Not using CPU crc32 instructions
2016-03-01 17:25:17 7928 [Note] InnoDB: Initializing buffer pool, size = 128.0M
2016-03-01 17:25:17 7928 [Note] InnoDB: Completed initialization of buffer pool
2016-03-01 17:25:17 7928 [Note] InnoDB: Setting log file C:\Users\Gaasbeek\Desktop\pip\mysql\data\ib_logfile101 size to 5 MB
2016-03-01 17:25:17 7928 [Note] InnoDB: Setting log file C:\Users\Gaasbeek\Desktop\pip\mysql\data\ib_logfile1 size to 5 MB
2016-03-01 17:25:17 7928 [Note] InnoDB: Renaming log file C:\Users\Gaasbeek\Desktop\pip\mysql\data\ib_logfile101 to C:\Users\Gaasbeek\Desktop\pip\mysql\data\ib_logfile0
2016-03-01 17:25:17 7928 [Warning] InnoDB: New log files created, LSN=1626134
2016-03-01 17:25:17 7928 [Note] InnoDB: Highest supported file format is Barracuda.
2016-03-01 17:25:17 7928 [Note] InnoDB: 128 rollback segment(s) are active.
2016-03-01 17:25:17 7928 [Note] InnoDB: Waiting for purge to start
2016-03-01 17:25:17 7928 [Note] InnoDB: 5.6.13 started; log sequence number 1626636
2016-03-01 17:25:17 7928 [Warning] No existing UUID has been found, so we assume that this is the first time that this server has been started. Generating a new UUID: 2f7147b0-dfca-11e5-80d2-80c16ee01af3.
2016-03-01 17:25:17 7928 [Note] Server hostname (bind-address): '*'; port: 3307
2016-03-01 17:25:17 7928 [Note] IPv6 is available.
2016-03-01 17:25:17 7928 [Note]   - '::' resolves to '::';
2016-03-01 17:25:17 7928 [Note] Server socket created on IP: '::'.
2016-03-15 17:22:38 8720 [Note] Plugin 'FEDERATED' is disabled.
2016-03-15 17:22:38 8720 [Note] InnoDB: The InnoDB memory heap is disabled
2016-03-15 17:22:38 8720 [Note] InnoDB: Mutexes and rw_locks use Windows interlocked functions
2016-03-15 17:22:38 8720 [Note] InnoDB: Compressed tables use zlib 1.2.3
2016-03-15 17:22:38 8720 [Note] InnoDB: Not using CPU crc32 instructions
2016-03-15 17:22:38 8720 [Note] InnoDB: Initializing buffer pool, size = 128.0M
2016-03-15 17:22:38 8720 [Note] InnoDB: Completed initialization of buffer pool
2016-03-15 17:22:38 8720 [Note] InnoDB: Highest supported file format is Barracuda.
2016-03-15 17:22:38 8720 [Note] InnoDB: The log sequence numbers 1626134 and 1626134 in ibdata files do not match the log sequence number 1626646 in the ib_logfiles!
2016-03-15 17:22:38 8720 [Note] InnoDB: Database was not shutdown normally!
2016-03-15 17:22:38 8720 [Note] InnoDB: Starting crash recovery.
2016-03-15 17:22:38 8720 [Note] InnoDB: Reading tablespace information from the .ibd files...
2016-03-15 17:22:38 8720 [Note] InnoDB: Restoring possible half-written data pages 
2016-03-15 17:22:38 8720 [Note] InnoDB: from the doublewrite buffer...
2016-03-15 17:22:38 8720 [Note] InnoDB: 128 rollback segment(s) are active.
2016-03-15 17:22:38 8720 [Note] InnoDB: Waiting for purge to start
2016-03-15 17:22:38 8720 [Note] InnoDB: 5.6.13 started; log sequence number 1626646
2016-03-15 17:22:38 8720 [Note] Server hostname (bind-address): '*'; port: 3307
2016-03-15 17:22:38 8720 [Note] IPv6 is available.
2016-03-15 17:22:38 8720 [Note]   - '::' resolves to '::';
2016-03-15 17:22:38 8720 [Note] Server socket created on IP: '::'.
2016-03-30 11:32:28 10616 [Note] Plugin 'FEDERATED' is disabled.
2016-03-30 11:32:28 10616 [Note] InnoDB: The InnoDB memory heap is disabled
2016-03-30 11:32:28 10616 [Note] InnoDB: Mutexes and rw_locks use Windows interlocked functions
2016-03-30 11:32:28 10616 [Note] InnoDB: Compressed tables use zlib 1.2.3
2016-03-30 11:32:28 10616 [Note] InnoDB: Not using CPU crc32 instructions
2016-03-30 11:32:28 10616 [Note] InnoDB: Initializing buffer pool, size = 128.0M
2016-03-30 11:32:28 10616 [Note] InnoDB: Completed initialization of buffer pool
2016-03-30 11:32:28 10616 [Note] InnoDB: Highest supported file format is Barracuda.
2016-03-30 11:32:28 10616 [Note] InnoDB: The log sequence numbers 1626134 and 1626134 in ibdata files do not match the log sequence number 1633972 in the ib_logfiles!
2016-03-30 11:32:28 10616 [Note] InnoDB: Database was not shutdown normally!
2016-03-30 11:32:28 10616 [Note] InnoDB: Starting crash recovery.
2016-03-30 11:32:28 10616 [Note] InnoDB: Reading tablespace information from the .ibd files...
2016-03-30 11:32:28 10616 [Note] InnoDB: Restoring possible half-written data pages 
2016-03-30 11:32:28 10616 [Note] InnoDB: from the doublewrite buffer...
2016-03-30 11:32:28 10616 [Note] InnoDB: 128 rollback segment(s) are active.
2016-03-30 11:32:28 10616 [Note] InnoDB: Waiting for purge to start
2016-03-30 11:32:28 10616 [Note] InnoDB: 5.6.13 started; log sequence number 1633972
2016-03-30 11:32:28 10616 [Note] Server hostname (bind-address): '*'; port: 3307
2016-03-30 11:32:28 10616 [Note] IPv6 is available.
2016-03-30 11:32:28 10616 [Note]   - '::' resolves to '::';
2016-03-30 11:32:28 10616 [Note] Server socket created on IP: '::'.
2016-06-02 12:01:37 5944 [Note] Plugin 'FEDERATED' is disabled.
2016-06-02 12:01:37 5944 [Note] InnoDB: The InnoDB memory heap is disabled
2016-06-02 12:01:37 5944 [Note] InnoDB: Mutexes and rw_locks use Windows interlocked functions
2016-06-02 12:01:37 5944 [Note] InnoDB: Compressed tables use zlib 1.2.3
2016-06-02 12:01:37 5944 [Note] InnoDB: Not using CPU crc32 instructions
2016-06-02 12:01:37 5944 [Note] InnoDB: Initializing buffer pool, size = 128.0M
2016-06-02 12:01:37 5944 [Note] InnoDB: Completed initialization of buffer pool
2016-06-02 12:01:37 5944 [Note] InnoDB: Highest supported file format is Barracuda.
2016-06-02 12:01:37 5944 [Note] InnoDB: The log sequence numbers 1626134 and 1626134 in ibdata files do not match the log sequence number 1633982 in the ib_logfiles!
2016-06-02 12:01:37 5944 [Note] InnoDB: Database was not shutdown normally!
2016-06-02 12:01:37 5944 [Note] InnoDB: Starting crash recovery.
2016-06-02 12:01:37 5944 [Note] InnoDB: Reading tablespace information from the .ibd files...
2016-06-02 12:01:38 5944 [Note] InnoDB: Restoring possible half-written data pages 
2016-06-02 12:01:38 5944 [Note] InnoDB: from the doublewrite buffer...
2016-06-02 12:01:38 5944 [Note] InnoDB: 128 rollback segment(s) are active.
2016-06-02 12:01:38 5944 [Note] InnoDB: Waiting for purge to start
2016-06-02 12:01:38 5944 [Note] InnoDB: 5.6.13 started; log sequence number 1633982
2016-06-02 12:01:38 5944 [Note] Server hostname (bind-address): '*'; port: 3307
2016-06-02 12:01:38 5944 [Note] IPv6 is available.
2016-06-02 12:01:38 5944 [Note]   - '::' resolves to '::';
2016-06-02 12:01:38 5944 [Note] Server socket created on IP: '::'.
2016-07-12 12:02:19 5140 [Note] Plugin 'FEDERATED' is disabled.
2016-07-12 12:02:19 5140 [Note] InnoDB: The InnoDB memory heap is disabled
2016-07-12 12:02:19 5140 [Note] InnoDB: Mutexes and rw_locks use Windows interlocked functions
2016-07-12 12:02:19 5140 [Note] InnoDB: Compressed tables use zlib 1.2.3
2016-07-12 12:02:19 5140 [Note] InnoDB: Not using CPU crc32 instructions
2016-07-12 12:02:19 5140 [Note] InnoDB: Initializing buffer pool, size = 128.0M
2016-07-12 12:02:19 5140 [Note] InnoDB: Completed initialization of buffer pool
2016-07-12 12:02:19 5140 [Note] InnoDB: Highest supported file format is Barracuda.
2016-07-12 12:02:19 5140 [Note] InnoDB: The log sequence numbers 1626134 and 1626134 in ibdata files do not match the log sequence number 1633992 in the ib_logfiles!
2016-07-12 12:02:19 5140 [Note] InnoDB: Database was not shutdown normally!
2016-07-12 12:02:19 5140 [Note] InnoDB: Starting crash recovery.
2016-07-12 12:02:19 5140 [Note] InnoDB: Reading tablespace information from the .ibd files...
2016-07-12 12:02:19 5140 [Note] InnoDB: Restoring possible half-written data pages 
2016-07-12 12:02:19 5140 [Note] InnoDB: from the doublewrite buffer...
2016-07-12 12:02:19 5140 [Note] InnoDB: 128 rollback segment(s) are active.
2016-07-12 12:02:19 5140 [Note] InnoDB: Waiting for purge to start
2016-07-12 12:02:19 5140 [Note] InnoDB: 5.6.13 started; log sequence number 1633992
2016-07-12 12:02:19 5140 [Note] Server hostname (bind-address): '*'; port: 3307
2016-07-12 12:02:19 5140 [Note] IPv6 is available.
2016-07-12 12:02:19 5140 [Note]   - '::' resolves to '::';
2016-07-12 12:02:19 5140 [Note] Server socket created on IP: '::'.
2016-07-12 12:05:45 4748 [Note] Plugin 'FEDERATED' is disabled.
2016-07-12 12:05:45 4748 [Note] InnoDB: The InnoDB memory heap is disabled
2016-07-12 12:05:45 4748 [Note] InnoDB: Mutexes and rw_locks use Windows interlocked functions
2016-07-12 12:05:45 4748 [Note] InnoDB: Compressed tables use zlib 1.2.3
2016-07-12 12:05:45 4748 [Note] InnoDB: Not using CPU crc32 instructions
2016-07-12 12:05:45 4748 [Note] InnoDB: Initializing buffer pool, size = 128.0M
2016-07-12 12:05:45 4748 [Note] InnoDB: Completed initialization of buffer pool
2016-07-12 12:05:45 4748 [Note] InnoDB: Highest supported file format is Barracuda.
2016-07-12 12:05:45 4748 [Note] InnoDB: The log sequence numbers 1626134 and 1626134 in ibdata files do not match the log sequence number 1634002 in the ib_logfiles!
2016-07-12 12:05:45 4748 [Note] InnoDB: Database was not shutdown normally!
2016-07-12 12:05:45 4748 [Note] InnoDB: Starting crash recovery.
2016-07-12 12:05:45 4748 [Note] InnoDB: Reading tablespace information from the .ibd files...
2016-07-12 12:05:45 4748 [Note] InnoDB: Restoring possible half-written data pages 
2016-07-12 12:05:45 4748 [Note] InnoDB: from the doublewrite buffer...
2016-07-12 12:05:45 4748 [Note] InnoDB: 128 rollback segment(s) are active.
2016-07-12 12:05:45 4748 [Note] InnoDB: Waiting for purge to start
2016-07-12 12:05:45 4748 [Note] InnoDB: 5.6.13 started; log sequence number 1634002
2016-07-12 12:05:45 4748 [Note] Server hostname (bind-address): '*'; port: 3307
2016-07-12 12:05:45 4748 [Note] IPv6 is available.
2016-07-12 12:05:45 4748 [Note]   - '::' resolves to '::';
2016-07-12 12:05:45 4748 [Note] Server socket created on IP: '::'.
2016-07-14 17:28:54 6632 [Note] Plugin 'FEDERATED' is disabled.
2016-07-14 17:28:54 6632 [Note] InnoDB: The InnoDB memory heap is disabled
2016-07-14 17:28:54 6632 [Note] InnoDB: Mutexes and rw_locks use Windows interlocked functions
2016-07-14 17:28:54 6632 [Note] InnoDB: Compressed tables use zlib 1.2.3
2016-07-14 17:28:54 6632 [Note] InnoDB: Not using CPU crc32 instructions
2016-07-14 17:28:54 6632 [Note] InnoDB: Initializing buffer pool, size = 128.0M
2016-07-14 17:28:54 6632 [Note] InnoDB: Completed initialization of buffer pool
2016-07-14 17:28:54 6632 [Note] InnoDB: Highest supported file format is Barracuda.
2016-07-14 17:28:54 6632 [Note] InnoDB: The log sequence numbers 1626134 and 1626134 in ibdata files do not match the log sequence number 1634012 in the ib_logfiles!
2016-07-14 17:28:54 6632 [Note] InnoDB: Database was not shutdown normally!
2016-07-14 17:28:54 6632 [Note] InnoDB: Starting crash recovery.
2016-07-14 17:28:54 6632 [Note] InnoDB: Reading tablespace information from the .ibd files...
2016-07-14 17:28:54 6632 [Note] InnoDB: Restoring possible half-written data pages 
2016-07-14 17:28:54 6632 [Note] InnoDB: from the doublewrite buffer...
2016-07-14 17:28:55 6632 [Note] InnoDB: 128 rollback segment(s) are active.
2016-07-14 17:28:55 6632 [Note] InnoDB: Waiting for purge to start
2016-07-14 17:28:55 6632 [Note] InnoDB: 5.6.13 started; log sequence number 1634012
2016-07-14 17:28:55 6632 [Note] Server hostname (bind-address): '*'; port: 3307
2016-07-14 17:28:55 6632 [Note] IPv6 is available.
2016-07-14 17:28:55 6632 [Note]   - '::' resolves to '::';
2016-07-14 17:28:55 6632 [Note] Server socket created on IP: '::'.
2016-07-14 17:32:08 8212 [Note] Plugin 'FEDERATED' is disabled.
2016-07-14 17:32:08 8212 [Note] InnoDB: The InnoDB memory heap is disabled
2016-07-14 17:32:08 8212 [Note] InnoDB: Mutexes and rw_locks use Windows interlocked functions
2016-07-14 17:32:08 8212 [Note] InnoDB: Compressed tables use zlib 1.2.3
2016-07-14 17:32:08 8212 [Note] InnoDB: Not using CPU crc32 instructions
2016-07-14 17:32:08 8212 [Note] InnoDB: Initializing buffer pool, size = 128.0M
2016-07-14 17:32:08 8212 [Note] InnoDB: Completed initialization of buffer pool
2016-07-14 17:32:08 8212 [Note] InnoDB: Highest supported file format is Barracuda.
2016-07-14 17:32:08 8212 [Note] InnoDB: The log sequence numbers 1626134 and 1626134 in ibdata files do not match the log sequence number 1634022 in the ib_logfiles!
2016-07-14 17:32:08 8212 [Note] InnoDB: Database was not shutdown normally!
2016-07-14 17:32:08 8212 [Note] InnoDB: Starting crash recovery.
2016-07-14 17:32:08 8212 [Note] InnoDB: Reading tablespace information from the .ibd files...
2016-07-14 17:32:08 8212 [Note] InnoDB: Restoring possible half-written data pages 
2016-07-14 17:32:08 8212 [Note] InnoDB: from the doublewrite buffer...
2016-07-14 17:32:08 8212 [Note] InnoDB: 128 rollback segment(s) are active.
2016-07-14 17:32:08 8212 [Note] InnoDB: Waiting for purge to start
2016-07-14 17:32:08 8212 [Note] InnoDB: 5.6.13 started; log sequence number 1634022
2016-07-14 17:32:08 8212 [Note] Server hostname (bind-address): '*'; port: 3307
2016-07-14 17:32:08 8212 [Note] IPv6 is available.
2016-07-14 17:32:08 8212 [Note]   - '::' resolves to '::';
2016-07-14 17:32:08 8212 [Note] Server socket created on IP: '::'.
2016-07-14 17:36:23 4424 [Note] Plugin 'FEDERATED' is disabled.
2016-07-14 17:36:23 4424 [Note] InnoDB: The InnoDB memory heap is disabled
2016-07-14 17:36:23 4424 [Note] InnoDB: Mutexes and rw_locks use Windows interlocked functions
2016-07-14 17:36:23 4424 [Note] InnoDB: Compressed tables use zlib 1.2.3
2016-07-14 17:36:23 4424 [Note] InnoDB: Not using CPU crc32 instructions
2016-07-14 17:36:23 4424 [Note] InnoDB: Initializing buffer pool, size = 128.0M
2016-07-14 17:36:23 4424 [Note] InnoDB: Completed initialization of buffer pool
2016-07-14 17:36:23 4424 [Note] InnoDB: Highest supported file format is Barracuda.
2016-07-14 17:36:23 4424 [Note] InnoDB: The log sequence numbers 1626134 and 1626134 in ibdata files do not match the log sequence number 1634032 in the ib_logfiles!
2016-07-14 17:36:23 4424 [Note] InnoDB: Database was not shutdown normally!
2016-07-14 17:36:23 4424 [Note] InnoDB: Starting crash recovery.
2016-07-14 17:36:23 4424 [Note] InnoDB: Reading tablespace information from the .ibd files...
2016-07-14 17:36:23 4424 [Note] InnoDB: Restoring possible half-written data pages 
2016-07-14 17:36:23 4424 [Note] InnoDB: from the doublewrite buffer...
2016-07-14 17:36:23 4424 [Note] InnoDB: 128 rollback segment(s) are active.
2016-07-14 17:36:23 4424 [Note] InnoDB: Waiting for purge to start
2016-07-14 17:36:23 4424 [Note] InnoDB: 5.6.13 started; log sequence number 1634032
2016-07-14 17:36:23 4424 [Note] Server hostname (bind-address): '*'; port: 3307
2016-07-14 17:36:23 4424 [Note] IPv6 is available.
2016-07-14 17:36:23 4424 [Note]   - '::' resolves to '::';
2016-07-14 17:36:23 4424 [Note] Server socket created on IP: '::'.
2016-08-25 10:43:51 1160 [Note] Plugin 'FEDERATED' is disabled.
2016-08-25 10:43:51 1160 [Note] InnoDB: The InnoDB memory heap is disabled
2016-08-25 10:43:51 1160 [Note] InnoDB: Mutexes and rw_locks use Windows interlocked functions
2016-08-25 10:43:51 1160 [Note] InnoDB: Compressed tables use zlib 1.2.3
2016-08-25 10:43:51 1160 [Note] InnoDB: Not using CPU crc32 instructions
2016-08-25 10:43:51 1160 [Note] InnoDB: Initializing buffer pool, size = 128.0M
2016-08-25 10:43:51 1160 [Note] InnoDB: Completed initialization of buffer pool
2016-08-25 10:43:51 1160 [Note] InnoDB: Highest supported file format is Barracuda.
2016-08-25 10:43:51 1160 [Note] InnoDB: The log sequence numbers 1626134 and 1626134 in ibdata files do not match the log sequence number 1634042 in the ib_logfiles!
2016-08-25 10:43:51 1160 [Note] InnoDB: Database was not shutdown normally!
2016-08-25 10:43:51 1160 [Note] InnoDB: Starting crash recovery.
2016-08-25 10:43:51 1160 [Note] InnoDB: Reading tablespace information from the .ibd files...
2016-08-25 10:43:51 1160 [Note] InnoDB: Restoring possible half-written data pages 
2016-08-25 10:43:51 1160 [Note] InnoDB: from the doublewrite buffer...
2016-08-25 10:43:52 1160 [Note] InnoDB: 128 rollback segment(s) are active.
2016-08-25 10:43:52 1160 [Note] InnoDB: Waiting for purge to start
2016-08-25 10:43:52 1160 [Note] InnoDB: 5.6.13 started; log sequence number 1634042
2016-08-25 10:43:52 1160 [Note] Server hostname (bind-address): '*'; port: 3307
2016-08-25 10:43:52 1160 [Note] IPv6 is available.
2016-08-25 10:43:52 1160 [Note]   - '::' resolves to '::';
2016-08-25 10:43:52 1160 [Note] Server socket created on IP: '::'.
2016-08-30 10:35:57 424 [Note] Plugin 'FEDERATED' is disabled.
2016-08-30 10:35:57 424 [Note] InnoDB: The InnoDB memory heap is disabled
2016-08-30 10:35:57 424 [Note] InnoDB: Mutexes and rw_locks use Windows interlocked functions
2016-08-30 10:35:57 424 [Note] InnoDB: Compressed tables use zlib 1.2.3
2016-08-30 10:35:57 424 [Note] InnoDB: Not using CPU crc32 instructions
2016-08-30 10:35:57 424 [Note] InnoDB: Initializing buffer pool, size = 128.0M
2016-08-30 10:35:57 424 [Note] InnoDB: Completed initialization of buffer pool
2016-08-30 10:35:57 424 [Note] InnoDB: Highest supported file format is Barracuda.
2016-08-30 10:35:57 424 [Note] InnoDB: The log sequence numbers 1626134 and 1626134 in ibdata files do not match the log sequence number 1634052 in the ib_logfiles!
2016-08-30 10:35:57 424 [Note] InnoDB: Database was not shutdown normally!
2016-08-30 10:35:57 424 [Note] InnoDB: Starting crash recovery.
2016-08-30 10:35:57 424 [Note] InnoDB: Reading tablespace information from the .ibd files...
2016-08-30 10:35:57 424 [Note] InnoDB: Restoring possible half-written data pages 
2016-08-30 10:35:57 424 [Note] InnoDB: from the doublewrite buffer...
2016-08-30 10:35:57 424 [Note] InnoDB: 128 rollback segment(s) are active.
2016-08-30 10:35:57 424 [Note] InnoDB: Waiting for purge to start
2016-08-30 10:35:57 424 [Note] InnoDB: 5.6.13 started; log sequence number 1634052
2016-08-30 10:35:57 424 [Note] Server hostname (bind-address): '*'; port: 3307
2016-08-30 10:35:57 424 [Note] IPv6 is available.
2016-08-30 10:35:57 424 [Note]   - '::' resolves to '::';
2016-08-30 10:35:57 424 [Note] Server socket created on IP: '::'.
2016-10-05 15:34:41 8528 [Note] Plugin 'FEDERATED' is disabled.
2016-10-05 15:34:41 8528 [Note] InnoDB: The InnoDB memory heap is disabled
2016-10-05 15:34:41 8528 [Note] InnoDB: Mutexes and rw_locks use Windows interlocked functions
2016-10-05 15:34:41 8528 [Note] InnoDB: Compressed tables use zlib 1.2.3
2016-10-05 15:34:41 8528 [Note] InnoDB: Not using CPU crc32 instructions
2016-10-05 15:34:41 8528 [Note] InnoDB: Initializing buffer pool, size = 128.0M
2016-10-05 15:34:41 8528 [Note] InnoDB: Completed initialization of buffer pool
2016-10-05 15:34:41 8528 [Note] InnoDB: Highest supported file format is Barracuda.
2016-10-05 15:34:41 8528 [Note] InnoDB: The log sequence numbers 1626134 and 1626134 in ibdata files do not match the log sequence number 1634062 in the ib_logfiles!
2016-10-05 15:34:41 8528 [Note] InnoDB: Database was not shutdown normally!
2016-10-05 15:34:41 8528 [Note] InnoDB: Starting crash recovery.
2016-10-05 15:34:41 8528 [Note] InnoDB: Reading tablespace information from the .ibd files...
2016-10-05 15:34:41 8528 [Note] InnoDB: Restoring possible half-written data pages 
2016-10-05 15:34:41 8528 [Note] InnoDB: from the doublewrite buffer...
2016-10-05 15:34:42 8528 [Note] InnoDB: 128 rollback segment(s) are active.
2016-10-05 15:34:42 8528 [Note] InnoDB: Waiting for purge to start
2016-10-05 15:34:42 8528 [Note] InnoDB: 5.6.13 started; log sequence number 1634062
2016-10-05 15:34:42 8528 [Note] Server hostname (bind-address): '*'; port: 3307
2016-10-05 15:34:42 8528 [Note] IPv6 is available.
2016-10-05 15:34:42 8528 [Note]   - '::' resolves to '::';
2016-10-05 15:34:42 8528 [Note] Server socket created on IP: '::'.
2016-10-06 09:57:52 3540 [Note] Plugin 'FEDERATED' is disabled.
2016-10-06 09:57:52 3540 [Note] InnoDB: The InnoDB memory heap is disabled
2016-10-06 09:57:52 3540 [Note] InnoDB: Mutexes and rw_locks use Windows interlocked functions
2016-10-06 09:57:52 3540 [Note] InnoDB: Compressed tables use zlib 1.2.3
2016-10-06 09:57:52 3540 [Note] InnoDB: Not using CPU crc32 instructions
2016-10-06 09:57:52 3540 [Note] InnoDB: Initializing buffer pool, size = 128.0M
2016-10-06 09:57:52 3540 [Note] InnoDB: Completed initialization of buffer pool
2016-10-06 09:57:52 3540 [Note] InnoDB: Highest supported file format is Barracuda.
2016-10-06 09:57:52 3540 [Note] InnoDB: The log sequence numbers 1626134 and 1626134 in ibdata files do not match the log sequence number 4211394 in the ib_logfiles!
2016-10-06 09:57:52 3540 [Note] InnoDB: Database was not shutdown normally!
2016-10-06 09:57:52 3540 [Note] InnoDB: Starting crash recovery.
2016-10-06 09:57:52 3540 [Note] InnoDB: Reading tablespace information from the .ibd files...
2016-10-06 09:57:52 3540 [Note] InnoDB: Restoring possible half-written data pages 
2016-10-06 09:57:52 3540 [Note] InnoDB: from the doublewrite buffer...
2016-10-06 09:57:52 3540 [Note] InnoDB: 128 rollback segment(s) are active.
2016-10-06 09:57:52 3540 [Note] InnoDB: Waiting for purge to start
2016-10-06 09:57:53 3540 [Note] InnoDB: 5.6.13 started; log sequence number 4211394
2016-10-06 09:57:53 3540 [Note] Server hostname (bind-address): '*'; port: 3307
2016-10-06 09:57:53 3540 [Note] IPv6 is available.
2016-10-06 09:57:53 3540 [Note]   - '::' resolves to '::';
2016-10-06 09:57:53 3540 [Note] Server socket created on IP: '::'.
2016-10-10 09:37:12 9864 [Note] Plugin 'FEDERATED' is disabled.
2016-10-10 09:37:12 9864 [Note] InnoDB: The InnoDB memory heap is disabled
2016-10-10 09:37:12 9864 [Note] InnoDB: Mutexes and rw_locks use Windows interlocked functions
2016-10-10 09:37:12 9864 [Note] InnoDB: Compressed tables use zlib 1.2.3
2016-10-10 09:37:12 9864 [Note] InnoDB: Not using CPU crc32 instructions
2016-10-10 09:37:12 9864 [Note] InnoDB: Initializing buffer pool, size = 128.0M
2016-10-10 09:37:12 9864 [Note] InnoDB: Completed initialization of buffer pool
2016-10-10 09:37:12 9864 [Note] InnoDB: Highest supported file format is Barracuda.
2016-10-10 09:37:12 9864 [Note] InnoDB: The log sequence numbers 1626134 and 1626134 in ibdata files do not match the log sequence number 6857953 in the ib_logfiles!
2016-10-10 09:37:12 9864 [Note] InnoDB: Database was not shutdown normally!
2016-10-10 09:37:12 9864 [Note] InnoDB: Starting crash recovery.
2016-10-10 09:37:12 9864 [Note] InnoDB: Reading tablespace information from the .ibd files...
2016-10-10 09:37:12 9864 [Note] InnoDB: Restoring possible half-written data pages 
2016-10-10 09:37:12 9864 [Note] InnoDB: from the doublewrite buffer...
2016-10-10 09:37:13 9864 [Note] InnoDB: 128 rollback segment(s) are active.
2016-10-10 09:37:13 9864 [Note] InnoDB: Waiting for purge to start
2016-10-10 09:37:13 9864 [Note] InnoDB: 5.6.13 started; log sequence number 6857953
2016-10-10 09:37:13 9864 [Note] Server hostname (bind-address): '*'; port: 3307
2016-10-10 09:37:13 9864 [Note] IPv6 is available.
2016-10-10 09:37:13 9864 [Note]   - '::' resolves to '::';
2016-10-10 09:37:13 9864 [Note] Server socket created on IP: '::'.
2016-10-11 10:06:28 5584 [Note] Plugin 'FEDERATED' is disabled.
2016-10-11 10:06:28 5584 [Note] InnoDB: The InnoDB memory heap is disabled
2016-10-11 10:06:28 5584 [Note] InnoDB: Mutexes and rw_locks use Windows interlocked functions
2016-10-11 10:06:28 5584 [Note] InnoDB: Compressed tables use zlib 1.2.3
2016-10-11 10:06:28 5584 [Note] InnoDB: Not using CPU crc32 instructions
2016-10-11 10:06:28 5584 [Note] InnoDB: Initializing buffer pool, size = 128.0M
2016-10-11 10:06:28 5584 [Note] InnoDB: Completed initialization of buffer pool
2016-10-11 10:06:28 5584 [Note] InnoDB: Highest supported file format is Barracuda.
2016-10-11 10:06:28 5584 [Note] InnoDB: The log sequence numbers 1626134 and 1626134 in ibdata files do not match the log sequence number 7126737 in the ib_logfiles!
2016-10-11 10:06:28 5584 [Note] InnoDB: Database was not shutdown normally!
2016-10-11 10:06:28 5584 [Note] InnoDB: Starting crash recovery.
2016-10-11 10:06:28 5584 [Note] InnoDB: Reading tablespace information from the .ibd files...
2016-10-11 10:06:28 5584 [Note] InnoDB: Restoring possible half-written data pages 
2016-10-11 10:06:28 5584 [Note] InnoDB: from the doublewrite buffer...
2016-10-11 10:06:29 5584 [Note] InnoDB: 128 rollback segment(s) are active.
2016-10-11 10:06:29 5584 [Note] InnoDB: Waiting for purge to start
2016-10-11 10:06:29 5584 [Note] InnoDB: 5.6.13 started; log sequence number 7126737
2016-10-11 10:06:29 5584 [Note] Server hostname (bind-address): '*'; port: 3307
2016-10-11 10:06:29 5584 [Note] IPv6 is available.
2016-10-11 10:06:29 5584 [Note]   - '::' resolves to '::';
2016-10-11 10:06:29 5584 [Note] Server socket created on IP: '::'.
